Wed Jun 28 2023 12:42:38 GMT+0300 (Eastern European Summer Time) error: Cannot read properties of undefined (reading 'GET_ALL_FOOD')
Wed Jun 28 2023 12:44:43 GMT+0300 (Eastern European Summer Time) error: Cannot read properties of undefined (reading 'GET_ALL_FOOD')
Wed Jun 28 2023 12:45:03 GMT+0300 (Eastern European Summer Time) error: Cannot read properties of undefined (reading 'GET_ALL_FOOD')
Wed Jun 28 2023 12:45:04 GMT+0300 (Eastern European Summer Time) error: Cannot read properties of undefined (reading 'GET_ALL_FOOD')
Wed Jun 28 2023 12:45:04 GMT+0300 (Eastern European Summer Time) error: Cannot read properties of undefined (reading 'GET_ALL_FOOD')
Wed Jun 28 2023 12:45:04 GMT+0300 (Eastern European Summer Time) error: Cannot read properties of undefined (reading 'GET_ALL_FOOD')
Wed Jun 28 2023 12:45:04 GMT+0300 (Eastern European Summer Time) error: Cannot read properties of undefined (reading 'GET_ALL_FOOD')
Wed Jun 28 2023 12:45:21 GMT+0300 (Eastern European Summer Time) error: connection.query is not a function
Wed Jun 28 2023 12:45:32 GMT+0300 (Eastern European Summer Time) error: relation "food.food" does not exist
Wed Jun 28 2023 12:45:36 GMT+0300 (Eastern European Summer Time) error: relation "food.food" does not exist
Wed Jun 28 2023 12:45:52 GMT+0300 (Eastern European Summer Time) error: relation "food.food" does not exist
Wed Jun 28 2023 12:46:38 GMT+0300 (Eastern European Summer Time) error: relation "food.food" does not exist
Wed Jun 28 2023 12:46:38 GMT+0300 (Eastern European Summer Time) error: relation "food.food" does not exist
Wed Jun 28 2023 12:46:54 GMT+0300 (Eastern European Summer Time) error: relation "food.food" does not exist
Wed Jun 28 2023 13:19:47 GMT+0300 (Eastern European Summer Time) error: errors is not defined
Wed Jun 28 2023 13:19:58 GMT+0300 (Eastern European Summer Time) error: errors is not defined
Wed Jun 28 2023 13:19:59 GMT+0300 (Eastern European Summer Time) error: errors is not defined
Wed Jun 28 2023 13:20:56 GMT+0300 (Eastern European Summer Time) error: bind message supplies 3 parameters, but prepared statement "" requires 4
Wed Jun 28 2023 13:21:07 GMT+0300 (Eastern European Summer Time) error: bind message supplies 3 parameters, but prepared statement "" requires 4
Wed Jun 28 2023 13:21:34 GMT+0300 (Eastern European Summer Time) error: bind message supplies 3 parameters, but prepared statement "" requires 4
Wed Jun 28 2023 13:21:44 GMT+0300 (Eastern European Summer Time) error: bind message supplies 3 parameters, but prepared statement "" requires 4
Wed Jun 28 2023 13:21:58 GMT+0300 (Eastern European Summer Time) error: bind message supplies 3 parameters, but prepared statement "" requires 4
Wed Jun 28 2023 13:27:22 GMT+0300 (Eastern European Summer Time) error: this.logger is not a function
Wed Jun 28 2023 13:27:28 GMT+0300 (Eastern European Summer Time) info: Get Food
Wed Jun 28 2023 13:28:06 GMT+0300 (Eastern European Summer Time) info: Add Food
Wed Jun 28 2023 13:28:09 GMT+0300 (Eastern European Summer Time) info: Get Food
