Sun Jul 30 2023 11:51:57 GMT+0300 (Eastern European Summer Time) info: Path: /api/v1/users/users | Method: GET | Body: {}
Sun Jul 30 2023 11:52:22 GMT+0300 (Eastern European Summer Time) info: Path: /api/v1/room/room | Method: GET | Body: {}
Sun Jul 30 2023 11:54:51 GMT+0300 (Eastern European Summer Time) info: Path: /api/v1/users/users | Method: GET | Body: {}
Sun Jul 30 2023 11:54:59 GMT+0300 (Eastern European Summer Time) info: Path: /api/v1/room/room | Method: GET | Body: {}
Sun Jul 30 2023 11:55:01 GMT+0300 (Eastern European Summer Time) info: Path: /api/v1/users/users | Method: GET | Body: {}
Sun Jul 30 2023 11:55:04 GMT+0300 (Eastern European Summer Time) info: Path: /api/v1/room/room | Method: GET | Body: {}
Sun Jul 30 2023 11:55:18 GMT+0300 (Eastern European Summer Time) info: Path: /api/v1/users/users | Method: GET | Body: {}
Mon Jul 31 2023 20:50:49 GMT+0000 (Coordinated Universal Time) info: Path: /api/v1/users/users | Method: GET | Body: {}
Tue Aug 01 2023 08:41:03 GMT+0000 (Coordinated Universal Time) info: Path: /api/v1/users/users | Method: GET | Body: {}
Tue Aug 01 2023 08:43:52 GMT+0000 (Coordinated Universal Time) info: Path: /api/v1/users/users | Method: GET | Body: {}
Tue Aug 01 2023 08:45:53 GMT+0000 (Coordinated Universal Time) info: Path: /api/v1/users/users | Method: GET | Body: {}
Tue Aug 01 2023 08:53:27 GMT+0000 (Coordinated Universal Time) info: Path: /api/v1/users/users | Method: GET | Body: {}
Tue Aug 01 2023 08:55:38 GMT+0000 (Coordinated Universal Time) info: Path: /api/v1/users/users | Method: GET | Body: {}
Tue Aug 01 2023 11:56:13 GMT+0300 (Eastern European Summer Time) info: Path: /api/v1/users/users | Method: GET | Body: {}
Tue Aug 01 2023 11:56:28 GMT+0300 (Eastern European Summer Time) info: Path: /api/v1/users/users | Method: GET | Body: {}
Tue Aug 01 2023 11:56:54 GMT+0300 (Eastern European Summer Time) info: Path: /api/v1/users/users | Method: GET | Body: {}
Tue Aug 01 2023 11:57:06 GMT+0300 (Eastern European Summer Time) info: Path: /api/v1/users/users | Method: GET | Body: {}
Tue Aug 01 2023 08:59:18 GMT+0000 (Coordinated Universal Time) info: Path: /api/v1/users/users | Method: GET | Body: {}
Tue Aug 01 2023 08:59:45 GMT+0000 (Coordinated Universal Time) info: Path: /api/v1/users/users | Method: GET | Body: {}
Tue Aug 01 2023 09:00:17 GMT+0000 (Coordinated Universal Time) info: Path: /api/v1/users/users | Method: GET | Body: {}
Tue Aug 01 2023 09:01:22 GMT+0000 (Coordinated Universal Time) info: Path: /api/v1/users/users | Method: GET | Body: {}
Tue Aug 01 2023 09:02:16 GMT+0000 (Coordinated Universal Time) info: Path: /api/v1/users/users | Method: GET | Body: {}
Tue Aug 01 2023 09:04:14 GMT+0000 (Coordinated Universal Time) info: Path: /api/v1/users/users | Method: GET | Body: {}
Tue Aug 01 2023 09:04:51 GMT+0000 (Coordinated Universal Time) info: Path: /api/v1/users/users | Method: GET | Body: {}
Tue Aug 01 2023 09:07:03 GMT+0000 (Coordinated Universal Time) info: Path: /api/v1/users/users | Method: GET | Body: {}
Tue Aug 01 2023 09:13:42 GMT+0000 (Coordinated Universal Time) info: Path: /api/v1/users/users | Method: GET | Body: {}
Tue Aug 01 2023 09:15:25 GMT+0000 (Coordinated Universal Time) info: Path: /api/v1/users/users | Method: GET | Body: {}
Tue Aug 01 2023 09:15:48 GMT+0000 (Coordinated Universal Time) info: Path: /api/v1/users/users | Method: GET | Body: {}
Tue Aug 01 2023 09:20:09 GMT+0000 (Coordinated Universal Time) info: Path: /api/v1/users/users | Method: GET | Body: {}
Tue Aug 01 2023 09:21:25 GMT+0000 (Coordinated Universal Time) info: Path: /api/v1/users/users | Method: GET | Body: {}
Tue Aug 01 2023 09:25:57 GMT+0000 (Coordinated Universal Time) info: Path: /api/v1/users/users | Method: GET | Body: {}
Tue Aug 01 2023 09:26:19 GMT+0000 (Coordinated Universal Time) info: Path: /api/v1/users/users | Method: GET | Body: {}
Tue Aug 01 2023 12:27:37 GMT+0300 (Eastern European Summer Time) info: Path: /api/v1/users/users | Method: GET | Body: {}
Tue Aug 01 2023 12:27:46 GMT+0300 (Eastern European Summer Time) info: Path: /api/v1/users/users | Method: GET | Body: {}
Tue Aug 01 2023 12:27:48 GMT+0300 (Eastern European Summer Time) info: Path: /api/v1/users/users | Method: GET | Body: {}
Tue Aug 01 2023 12:27:49 GMT+0300 (Eastern European Summer Time) info: Path: /api/v1/users/users | Method: GET | Body: {}
Tue Aug 01 2023 12:27:49 GMT+0300 (Eastern European Summer Time) info: Path: /api/v1/users/users | Method: GET | Body: {}
Tue Aug 01 2023 12:27:49 GMT+0300 (Eastern European Summer Time) info: Path: /api/v1/users/users | Method: GET | Body: {}
Tue Aug 01 2023 12:27:50 GMT+0300 (Eastern European Summer Time) info: Path: /api/v1/users/users | Method: GET | Body: {}
Tue Aug 01 2023 12:27:50 GMT+0300 (Eastern European Summer Time) info: Path: /api/v1/users/users | Method: GET | Body: {}
Tue Aug 01 2023 12:27:50 GMT+0300 (Eastern European Summer Time) info: Path: /api/v1/users/users | Method: GET | Body: {}
Tue Aug 01 2023 12:27:50 GMT+0300 (Eastern European Summer Time) info: Path: /api/v1/users/users | Method: GET | Body: {}
Tue Aug 01 2023 12:27:50 GMT+0300 (Eastern European Summer Time) info: Path: /api/v1/users/users | Method: GET | Body: {}
Tue Aug 01 2023 12:27:50 GMT+0300 (Eastern European Summer Time) info: Path: /api/v1/users/users | Method: GET | Body: {}
Tue Aug 01 2023 12:27:51 GMT+0300 (Eastern European Summer Time) info: Path: /api/v1/users/users | Method: GET | Body: {}
Tue Aug 01 2023 12:27:51 GMT+0300 (Eastern European Summer Time) info: Path: /api/v1/users/users | Method: GET | Body: {}
Tue Aug 01 2023 12:27:51 GMT+0300 (Eastern European Summer Time) info: Path: /api/v1/users/users | Method: GET | Body: {}
Tue Aug 01 2023 12:27:51 GMT+0300 (Eastern European Summer Time) info: Path: /api/v1/users/users | Method: GET | Body: {}
Tue Aug 01 2023 12:27:51 GMT+0300 (Eastern European Summer Time) info: Path: /api/v1/users/users | Method: GET | Body: {}
Tue Aug 01 2023 09:28:05 GMT+0000 (Coordinated Universal Time) info: Path: /api/v1/users/users | Method: GET | Body: {}
Tue Aug 01 2023 09:28:06 GMT+0000 (Coordinated Universal Time) info: Path: /api/v1/users/users | Method: GET | Body: {}
Tue Aug 01 2023 09:28:07 GMT+0000 (Coordinated Universal Time) info: Path: /api/v1/users/users | Method: GET | Body: {}
Tue Aug 01 2023 09:28:07 GMT+0000 (Coordinated Universal Time) info: Path: /api/v1/users/users | Method: GET | Body: {}
Tue Aug 01 2023 09:28:07 GMT+0000 (Coordinated Universal Time) info: Path: /api/v1/users/users | Method: GET | Body: {}
Tue Aug 01 2023 09:28:07 GMT+0000 (Coordinated Universal Time) info: Path: /api/v1/users/users | Method: GET | Body: {}
Tue Aug 01 2023 09:28:08 GMT+0000 (Coordinated Universal Time) info: Path: /api/v1/users/users | Method: GET | Body: {}
Tue Aug 01 2023 09:28:08 GMT+0000 (Coordinated Universal Time) info: Path: /api/v1/users/users | Method: GET | Body: {}
Tue Aug 01 2023 09:28:08 GMT+0000 (Coordinated Universal Time) info: Path: /api/v1/users/users | Method: GET | Body: {}
Tue Aug 01 2023 09:28:08 GMT+0000 (Coordinated Universal Time) info: Path: /api/v1/users/users | Method: GET | Body: {}
Tue Aug 01 2023 09:28:08 GMT+0000 (Coordinated Universal Time) info: Path: /api/v1/users/users | Method: GET | Body: {}
Tue Aug 01 2023 09:28:08 GMT+0000 (Coordinated Universal Time) info: Path: /api/v1/users/users | Method: GET | Body: {}
Tue Aug 01 2023 09:28:08 GMT+0000 (Coordinated Universal Time) info: Path: /api/v1/users/users | Method: GET | Body: {}
Tue Aug 01 2023 09:28:09 GMT+0000 (Coordinated Universal Time) info: Path: /api/v1/users/users | Method: GET | Body: {}
Tue Aug 01 2023 09:28:09 GMT+0000 (Coordinated Universal Time) info: Path: /api/v1/users/users | Method: GET | Body: {}
Tue Aug 01 2023 09:28:09 GMT+0000 (Coordinated Universal Time) info: Path: /api/v1/users/users | Method: GET | Body: {}
Tue Aug 01 2023 09:28:09 GMT+0000 (Coordinated Universal Time) info: Path: /api/v1/users/users | Method: GET | Body: {}
Tue Aug 01 2023 09:28:10 GMT+0000 (Coordinated Universal Time) info: Path: /api/v1/users/users | Method: GET | Body: {}
Tue Aug 01 2023 09:28:10 GMT+0000 (Coordinated Universal Time) info: Path: /api/v1/users/users | Method: GET | Body: {}
Tue Aug 01 2023 09:28:10 GMT+0000 (Coordinated Universal Time) info: Path: /api/v1/users/users | Method: GET | Body: {}
Tue Aug 01 2023 09:28:10 GMT+0000 (Coordinated Universal Time) info: Path: /api/v1/users/users | Method: GET | Body: {}
Tue Aug 01 2023 09:28:10 GMT+0000 (Coordinated Universal Time) info: Path: /api/v1/users/users | Method: GET | Body: {}
Tue Aug 01 2023 09:28:10 GMT+0000 (Coordinated Universal Time) info: Path: /api/v1/users/users | Method: GET | Body: {}
Tue Aug 01 2023 09:28:12 GMT+0000 (Coordinated Universal Time) info: Path: /api/v1/users/users | Method: GET | Body: {}
Tue Aug 01 2023 09:28:12 GMT+0000 (Coordinated Universal Time) info: Path: /api/v1/users/users | Method: GET | Body: {}
