Fri Jun 23 2023 17:16:05 GMT+0300 (Eastern European Summer Time) info: Get All Users
Fri Jun 23 2023 17:16:05 GMT+0300 (Eastern European Summer Time) info: Get All Users
Fri Jun 23 2023 17:16:06 GMT+0300 (Eastern European Summer Time) info: Get All Users
Fri Jun 23 2023 17:16:54 GMT+0300 (Eastern European Summer Time) info: Get All Users
Fri Jun 23 2023 17:22:54 GMT+0300 (Eastern European Summer Time) info: Get All Users
Fri Jun 23 2023 17:22:54 GMT+0300 (Eastern European Summer Time) info: Get All Users
Fri Jun 23 2023 17:22:54 GMT+0300 (Eastern European Summer Time) info: Get All Users
Fri Jun 23 2023 17:23:30 GMT+0300 (Eastern European Summer Time) info: Get All Users
Fri Jun 23 2023 17:27:02 GMT+0300 (Eastern European Summer Time) info: Get All Users
Fri Jun 23 2023 17:27:41 GMT+0300 (Eastern European Summer Time) info: Get All Users
Fri Jun 23 2023 17:27:44 GMT+0300 (Eastern European Summer Time) info: Get All Users
Fri Jun 23 2023 17:27:45 GMT+0300 (Eastern European Summer Time) info: Get All Users
Fri Jun 23 2023 17:27:45 GMT+0300 (Eastern European Summer Time) info: Get All Users
Fri Jun 23 2023 17:27:45 GMT+0300 (Eastern European Summer Time) info: Get All Users
Fri Jun 23 2023 17:31:32 GMT+0300 (Eastern European Summer Time) info: Get All Users
Fri Jun 23 2023 17:31:45 GMT+0300 (Eastern European Summer Time) info: Get All Users
Fri Jun 23 2023 17:31:45 GMT+0300 (Eastern European Summer Time) info: Get All Users
Fri Jun 23 2023 17:31:45 GMT+0300 (Eastern European Summer Time) info: Get All Users
Fri Jun 23 2023 17:31:46 GMT+0300 (Eastern European Summer Time) info: Get All Users
Fri Jun 23 2023 17:31:46 GMT+0300 (Eastern European Summer Time) info: Get All Users
Fri Jun 23 2023 17:31:46 GMT+0300 (Eastern European Summer Time) info: Get All Users
Fri Jun 23 2023 17:31:46 GMT+0300 (Eastern European Summer Time) info: Get All Users
Fri Jun 23 2023 17:32:22 GMT+0300 (Eastern European Summer Time) error: null value in column "email" of relation "users" violates not-null constraint
Fri Jun 23 2023 17:32:33 GMT+0300 (Eastern European Summer Time) error: null value in column "email" of relation "users" violates not-null constraint
Fri Jun 23 2023 17:32:34 GMT+0300 (Eastern European Summer Time) error: null value in column "email" of relation "users" violates not-null constraint
Fri Jun 23 2023 17:32:34 GMT+0300 (Eastern European Summer Time) error: null value in column "email" of relation "users" violates not-null constraint
Fri Jun 23 2023 17:32:34 GMT+0300 (Eastern European Summer Time) error: null value in column "email" of relation "users" violates not-null constraint
Fri Jun 23 2023 17:32:34 GMT+0300 (Eastern European Summer Time) error: null value in column "email" of relation "users" violates not-null constraint
Fri Jun 23 2023 17:32:35 GMT+0300 (Eastern European Summer Time) error: null value in column "email" of relation "users" violates not-null constraint
Fri Jun 23 2023 17:34:34 GMT+0300 (Eastern European Summer Time) info: Get All Users
Fri Jun 23 2023 17:34:38 GMT+0300 (Eastern European Summer Time) error: null value in column "email" of relation "users" violates not-null constraint
Fri Jun 23 2023 17:34:56 GMT+0300 (Eastern European Summer Time) error: null value in column "email" of relation "users" violates not-null constraint
Fri Jun 23 2023 17:35:20 GMT+0300 (Eastern European Summer Time) error: null value in column "email" of relation "users" violates not-null constraint
Fri Jun 23 2023 17:35:22 GMT+0300 (Eastern European Summer Time) error: null value in column "email" of relation "users" violates not-null constraint
Fri Jun 23 2023 17:35:54 GMT+0300 (Eastern European Summer Time) info: Create User
Fri Jun 23 2023 17:37:30 GMT+0300 (Eastern European Summer Time) info: Create User
Fri Jun 23 2023 17:40:26 GMT+0300 (Eastern European Summer Time) error: generator.generateId is not a function
Fri Jun 23 2023 17:40:38 GMT+0300 (Eastern European Summer Time) error: generator.generateId is not a function
Fri Jun 23 2023 17:40:40 GMT+0300 (Eastern European Summer Time) error: generator.generateId is not a function
Fri Jun 23 2023 17:40:47 GMT+0300 (Eastern European Summer Time) error: generator.generateId is not a function
Fri Jun 23 2023 17:40:47 GMT+0300 (Eastern European Summer Time) error: generator.generateId is not a function
Fri Jun 23 2023 17:45:55 GMT+0300 (Eastern European Summer Time) error: Cannot set headers after they are sent to the client
Fri Jun 23 2023 17:46:11 GMT+0300 (Eastern European Summer Time) info: Get All Users
Fri Jun 23 2023 17:48:01 GMT+0300 (Eastern European Summer Time) info: Get All Users
Fri Jun 23 2023 17:48:05 GMT+0300 (Eastern European Summer Time) info: Get All Users
Fri Jun 23 2023 17:48:08 GMT+0300 (Eastern European Summer Time) info: Create User
Fri Jun 23 2023 17:48:10 GMT+0300 (Eastern European Summer Time) info: Get All Users
Fri Jun 23 2023 17:48:28 GMT+0300 (Eastern European Summer Time) info: Get All Users
Fri Jun 23 2023 17:48:31 GMT+0300 (Eastern European Summer Time) info: Create User
Fri Jun 23 2023 17:48:34 GMT+0300 (Eastern European Summer Time) info: Create User
Fri Jun 23 2023 17:48:36 GMT+0300 (Eastern European Summer Time) info: Get All Users
Fri Jun 23 2023 17:48:55 GMT+0300 (Eastern European Summer Time) info: Get All Users
Fri Jun 23 2023 17:49:06 GMT+0300 (Eastern European Summer Time) info: Create User
Fri Jun 23 2023 17:49:08 GMT+0300 (Eastern European Summer Time) info: Get All Users
Fri Jun 23 2023 17:49:35 GMT+0300 (Eastern European Summer Time) info: Create User
Fri Jun 23 2023 17:49:37 GMT+0300 (Eastern European Summer Time) info: Get All Users
Fri Jun 23 2023 17:49:54 GMT+0300 (Eastern European Summer Time) info: Get All Users
Fri Jun 23 2023 17:50:47 GMT+0300 (Eastern European Summer Time) info: Create User
Wed Jun 28 2023 12:40:28 GMT+0300 (Eastern European Summer Time) error: AggregateError
Wed Jun 28 2023 12:40:45 GMT+0300 (Eastern European Summer Time) error: AggregateError
Wed Jun 28 2023 12:41:08 GMT+0300 (Eastern European Summer Time) info: Get All Users
Wed Jun 28 2023 12:41:18 GMT+0300 (Eastern European Summer Time) info: Get All Users
Wed Jun 28 2023 17:46:45 GMT+0300 (Eastern European Summer Time) error: AggregateError
Wed Jun 28 2023 20:20:39 GMT+0300 (Eastern European Summer Time) info: Register User
Wed Jun 28 2023 20:28:41 GMT+0300 (Eastern European Summer Time) info: Get All Users
Wed Jun 28 2023 20:34:16 GMT+0300 (Eastern European Summer Time) info: Register User
Wed Jun 28 2023 20:37:41 GMT+0300 (Eastern European Summer Time) info: Get All Users
Wed Jun 28 2023 20:37:50 GMT+0300 (Eastern European Summer Time) info: Register User
Wed Jun 28 2023 20:38:09 GMT+0300 (Eastern European Summer Time) info: Get All Users
Wed Jun 28 2023 21:22:10 GMT+0300 (Eastern European Summer Time) info: Register User
Wed Jun 28 2023 21:22:41 GMT+0300 (Eastern European Summer Time) info: Get All Users
Wed Jun 28 2023 21:45:23 GMT+0300 (Eastern European Summer Time) info: Register User
Wed Jun 28 2023 21:45:29 GMT+0300 (Eastern European Summer Time) info: Get All Users
Wed Jun 28 2023 21:46:49 GMT+0300 (Eastern European Summer Time) info: Register User
Wed Jun 28 2023 21:52:42 GMT+0300 (Eastern European Summer Time) info: Get All Users
Thu Jun 29 2023 09:33:58 GMT+0300 (Eastern European Summer Time) info: Register User
Thu Jun 29 2023 09:54:34 GMT+0300 (Eastern European Summer Time) info: Register User
Thu Jun 29 2023 09:58:43 GMT+0300 (Eastern European Summer Time) info: Register User
